# JRE version: Java(TM) SE Runtime Environment (9.0+11) (build 9.0.4+11)
# Java VM: Java HotSpot(TM) 64-Bit Server VM (9.0.4+11, mixed mode, tiered, compressed oops, g1 gc, windows-amd64)
Heap:
 garbage-first heap   total 446464K, used 184090K [0x0000000700000000, 0x0000000700100da0, 0x00000007c0000000)
  region size 1024K, 44 young (45056K), 2 survivors (2048K)
 Metaspace       used 98814K, capacity 101145K, committed 108288K, reserved 1142784K
  class space    used 13430K, capacity 13915K, committed 15360K, reserved 1048576K
GC Heap History (10 events):
Event: 7522.794 GC heap before
{Heap before GC invocations=1073 (full 378):
 garbage-first heap   total 446464K, used 201926K [0x0000000700000000, 0x0000000700100da0, 0x00000007c0000000)
  region size 1024K, 60 young (61440K), 1 survivors (1024K)
 Metaspace       used 98808K, capacity 101145K, committed 108288K, reserved 1142784K
  class space    used 13430K, capacity 13915K, committed 15360K, reserved 1048576K
}
Event: 7522.796 GC heap after
{Heap after GC invocations=1074 (full 378):
 garbage-first heap   total 446464K, used 141575K [0x0000000700000000, 0x0000000700100da0, 0x00000007c0000000)
  region size 1024K, 1 young (1024K), 1 survivors (1024K)
 Metaspace       used 98808K, capacity 101145K, committed 108288K, reserved 1142784K
  class space    used 13430K, capacity 13915K, committed 15360K, reserved 1048576K
}
Event: 7523.826 GC heap before
{Heap before GC invocations=1074 (full 378):
 garbage-first heap   total 446464K, used 201991K [0x0000000700000000, 0x0000000700100da0, 0x00000007c0000000)
  region size 1024K, 60 young (61440K), 1 survivors (1024K)
 Metaspace       used 98808K, capacity 101145K, committed 108288K, reserved 1142784K
  class space    used 13430K, capacity 13915K, committed 15360K, reserved 1048576K
}
Event: 7523.828 GC heap after
{Heap after GC invocations=1075 (full 378):
 garbage-first heap   total 446464K, used 141663K [0x0000000700000000, 0x0000000700100da0, 0x00000007c0000000)
  region size 1024K, 1 young (1024K), 1 survivors (1024K)
 Metaspace       used 98808K, capacity 101145K, committed 108288K, reserved 1142784K
  class space    used 13430K, capacity 13915K, committed 15360K, reserved 1048576K
}
Event: 7523.949 GC heap before
{Heap before GC invocations=1075 (full 378):
 garbage-first heap   total 446464K, used 202079K [0x0000000700000000, 0x0000000700100da0, 0x00000007c0000000)
  region size 1024K, 60 young (61440K), 1 survivors (1024K)
 Metaspace       used 98808K, capacity 101145K, committed 108288K, reserved 1142784K
  class space    used 13430K, capacity 13915K, committed 15360K, reserved 1048576K
}
Event: 7523.952 GC heap after
{Heap after GC invocations=1076 (full 378):
 garbage-first heap   total 446464K, used 141573K [0x0000000700000000, 0x0000000700100da0, 0x00000007c0000000)
  region size 1024K, 1 young (1024K), 1 survivors (1024K)
 Metaspace       used 98808K, capacity 101145K, committed 108288K, reserved 1142784K
  class space    used 13430K, capacity 13915K, committed 15360K, reserved 1048576K
}
Event: 7524.047 GC heap before
{Heap before GC invocations=1076 (full 378):
 garbage-first heap   total 446464K, used 201989K [0x0000000700000000, 0x0000000700100da0, 0x00000007c0000000)
  region size 1024K, 60 young (61440K), 1 survivors (1024K)
 Metaspace       used 98808K, capacity 101145K, committed 108288K, reserved 1142784K
  class space    used 13430K, capacity 13915K, committed 15360K, reserved 1048576K
}
Event: 7524.049 GC heap after
{Heap after GC invocations=1077 (full 378):
 garbage-first heap   total 446464K, used 141603K [0x0000000700000000, 0x0000000700100da0, 0x00000007c0000000)
  region size 1024K, 1 young (1024K), 1 survivors (1024K)
 Metaspace       used 98808K, capacity 101145K, committed 108288K, reserved 1142784K
  class space    used 13430K, capacity 13915K, committed 15360K, reserved 1048576K
}
Event: 7527.396 GC heap before
{Heap before GC invocations=1077 (full 378):
 garbage-first heap   total 446464K, used 202019K [0x0000000700000000, 0x0000000700100da0, 0x00000007c0000000)
  region size 1024K, 60 young (61440K), 1 survivors (1024K)
 Metaspace       used 98810K, capacity 101145K, committed 108288K, reserved 1142784K
  class space    used 13430K, capacity 13915K, committed 15360K, reserved 1048576K
}
Event: 7527.398 GC heap after
{Heap after GC invocations=1078 (full 378):
 garbage-first heap   total 446464K, used 142106K [0x0000000700000000, 0x0000000700100da0, 0x00000007c0000000)
  region size 1024K, 2 young (2048K), 2 survivors (2048K)
 Metaspace       used 98810K, capacity 101145K, committed 108288K, reserved 1142784K
  class space    used 13430K, capacity 13915K, committed 15360K, reserved 1048576K
}

